garak LLM vulnerability scanner v0.13.3 ( https://github.com/NVIDIA/garak ) at 2025-12-26T12:07:59.749661
üìú logging to C:\Users\Optimus Prime\.local\share\garak\garak.log
ü¶ú loading [1m[95mgenerator[0m: REST: http://host.docker.internal:8000/generate
üìú reporting to D:\Sileshi's\PSU\self_healing_llm\results\run_20251226_120759_e524a8\raw\garak.report.jsonl
üïµÔ∏è  queue of [1m[93mprobes:[0m encoding.InjectAscii85, encoding.InjectAtbash, encoding.InjectBase16, encoding.InjectBase2048, encoding.InjectBase32, encoding.InjectBase64, encoding.InjectBraille, encoding.InjectEcoji, encoding.InjectHex, encoding.InjectMorse, encoding.InjectNato, encoding.InjectROT13, encoding.InjectUU, encoding.InjectUnicodeTagChars, encoding.InjectZalgo
Preparing prompts:   0%|[38;2;0;243;180m          [0m| 0/256 [00:00<?, ?it/s]                                                            0%|          | 0/256 [00:00<?, ?it/s]probes.encoding.InjectAscii85:   0%|          | 0/256 [00:00<?, ?it/s]                                                                      Traceback (most recent call last):
  File "C:\Users\Optimus Prime\garak_env\Lib\site-packages\urllib3\connectionpool.py", line 534, in _make_request
    response = conn.getresponse()
               ^^^^^^^^^^^^^^^^^^
  File "C:\Users\Optimus Prime\garak_env\Lib\site-packages\urllib3\connection.py", line 571, in getresponse
    httplib_response = super().getresponse()
                       ^^^^^^^^^^^^^^^^^^^^^
  File "C:\Users\Optimus Prime\AppData\Local\Programs\Python\Python311\Lib\http\client.py", line 1374, in getresponse
    response.begin()
  File "C:\Users\Optimus Prime\AppData\Local\Programs\Python\Python311\Lib\http\client.py", line 318, in begin
    version, status, reason = self._read_status()
                              ^^^^^^^^^^^^^^^^^^^
  File "C:\Users\Optimus Prime\AppData\Local\Programs\Python\Python311\Lib\http\client.py", line 279, in _read_status
    line = str(self.fp.readline(_MAXLINE + 1), "iso-8859-1")
               ^^^^^^^^^^^^^^^^^^^^^^^^^^^^^^
  File "C:\Users\Optimus Prime\AppData\Local\Programs\Python\Python311\Lib\socket.py", line 705, in readinto
    return self._sock.recv_into(b)
           ^^^^^^^^^^^^^^^^^^^^^^^
TimeoutError: timed out

The above exception was the direct cause of the following exception:

Traceback (most recent call last):
  File "C:\Users\Optimus Prime\garak_env\Lib\site-packages\requests\adapters.py", line 644, in send
    resp = conn.urlopen(
           ^^^^^^^^^^^^^
  File "C:\Users\Optimus Prime\garak_env\Lib\site-packages\urllib3\connectionpool.py", line 841, in urlopen
    retries = retries.increment(
              ^^^^^^^^^^^^^^^^^^
  File "C:\Users\Optimus Prime\garak_env\Lib\site-packages\urllib3\util\retry.py", line 474, in increment
    raise reraise(type(error), error, _stacktrace)
          ^^^^^^^^^^^^^^^^^^^^^^^^^^^^^^^^^^^^^^^^
  File "C:\Users\Optimus Prime\garak_env\Lib\site-packages\urllib3\util\util.py", line 39, in reraise
    raise value
  File "C:\Users\Optimus Prime\garak_env\Lib\site-packages\urllib3\connectionpool.py", line 787, in urlopen
    response = self._make_request(
               ^^^^^^^^^^^^^^^^^^^
  File "C:\Users\Optimus Prime\garak_env\Lib\site-packages\urllib3\connectionpool.py", line 536, in _make_request
    self._raise_timeout(err=e, url=url, timeout_value=read_timeout)
  File "C:\Users\Optimus Prime\garak_env\Lib\site-packages\urllib3\connectionpool.py", line 367, in _raise_timeout
    raise ReadTimeoutError(
urllib3.exceptions.ReadTimeoutError: HTTPConnectionPool(host='host.docker.internal', port=8000): Read timed out. (read timeout=1080)

During handling of the above exception, another exception occurred:

Traceback (most recent call last):
  File "<frozen runpy>", line 198, in _run_module_as_main
  File "<frozen runpy>", line 88, in _run_code
  File "C:\Users\Optimus Prime\garak_env\Lib\site-packages\garak\__main__.py", line 14, in <module>
    main()
  File "C:\Users\Optimus Prime\garak_env\Lib\site-packages\garak\__main__.py", line 9, in main
    cli.main(sys.argv[1:])
  File "C:\Users\Optimus Prime\garak_env\Lib\site-packages\garak\cli.py", line 627, in main
    command.probewise_run(
  File "C:\Users\Optimus Prime\garak_env\Lib\site-packages\garak\command.py", line 259, in probewise_run
    probewise_h.run(generator, probe_names, evaluator, buffs)
  File "C:\Users\Optimus Prime\garak_env\Lib\site-packages\garak\harnesses\probewise.py", line 109, in run
    super().run(model, [probe], detectors, evaluator, announce_probe=False)
  File "C:\Users\Optimus Prime\garak_env\Lib\site-packages\garak\harnesses\base.py", line 151, in run
    attempt_results = probe.probe(model)
                      ^^^^^^^^^^^^^^^^^^
  File "C:\Users\Optimus Prime\garak_env\Lib\site-packages\garak\probes\base.py", line 453, in probe
    attempts_completed = self._execute_all(attempts_todo)
                         ^^^^^^^^^^^^^^^^^^^^^^^^^^^^^^^^
  File "C:\Users\Optimus Prime\garak_env\Lib\site-packages\garak\probes\base.py", line 364, in _execute_all
    result = self._execute_attempt(this_attempt)
             ^^^^^^^^^^^^^^^^^^^^^^^^^^^^^^^^^^^
  File "C:\Users\Optimus Prime\garak_env\Lib\site-packages\garak\probes\base.py", line 306, in _execute_attempt
    this_attempt.outputs = self.generator.generate(
                           ^^^^^^^^^^^^^^^^^^^^^^^^
  File "C:\Users\Optimus Prime\garak_env\Lib\site-packages\garak\generators\base.py", line 173, in generate
    outputs = self._call_model(prompt, 1)
              ^^^^^^^^^^^^^^^^^^^^^^^^^^^
  File "C:\Users\Optimus Prime\garak_env\Lib\site-packages\backoff\_sync.py", line 105, in retry
    ret = target(*args, **kwargs)
          ^^^^^^^^^^^^^^^^^^^^^^^
  File "C:\Users\Optimus Prime\garak_env\Lib\site-packages\garak\generators\rest.py", line 228, in _call_model
    resp = self.http_function(self.uri, **req_kArgs)
           ^^^^^^^^^^^^^^^^^^^^^^^^^^^^^^^^^^^^^^^^^
  File "C:\Users\Optimus Prime\garak_env\Lib\site-packages\requests\api.py", line 115, in post
    return request("post", url, data=data, json=json, **kwargs)
           ^^^^^^^^^^^^^^^^^^^^^^^^^^^^^^^^^^^^^^^^^^^^^^^^^^^^
  File "C:\Users\Optimus Prime\garak_env\Lib\site-packages\requests\api.py", line 59, in request
    return session.request(method=method, url=url, **kwargs)
           ^^^^^^^^^^^^^^^^^^^^^^^^^^^^^^^^^^^^^^^^^^^^^^^^^
  File "C:\Users\Optimus Prime\garak_env\Lib\site-packages\requests\sessions.py", line 589, in request
    resp = self.send(prep, **send_kwargs)
           ^^^^^^^^^^^^^^^^^^^^^^^^^^^^^^
  File "C:\Users\Optimus Prime\garak_env\Lib\site-packages\requests\sessions.py", line 703, in send
    r = adapter.send(request, **kwargs)
        ^^^^^^^^^^^^^^^^^^^^^^^^^^^^^^^
  File "C:\Users\Optimus Prime\garak_env\Lib\site-packages\requests\adapters.py", line 690, in send
    raise ReadTimeout(e, request=request)
requests.exceptions.ReadTimeout: HTTPConnectionPool(host='host.docker.internal', port=8000): Read timed out. (read timeout=1080)
